<?xml version="1.0" encoding="UTF-8"?>
<testsuite name="com.jb.Just10Minute.member.MemberMapperTest" tests="1" skipped="0" failures="0" errors="0" timestamp="2024-04-16T14:01:41" hostname="Jamieui-MacBookPro.local" time="0.791">
  <properties/>
  <testcase name="mybatis 테스트 : id가 'testId' 인 멤버 꺼내오기" classname="com.jb.Just10Minute.member.MemberMapperTest" time="0.791"/>
  <system-out><![CDATA[23:01:40.011 [Test worker] INFO org.springframework.test.context.support.AnnotationConfigContextLoaderUtils -- Could not detect default configuration classes for test class [com.jb.Just10Minute.member.MemberMapperTest]: MemberMapperTest does not declare any static, non-private, non-final, nested classes annotated with @Configuration.
23:01:40.141 [Test worker] INFO org.springframework.boot.test.context.SpringBootTestContextBootstrapper -- Found @SpringBootConfiguration com.jb.Just10Minute.Just10MinuteApplication for test class com.jb.Just10Minute.member.MemberMapperTest

  .   ____          _            __ _ _
 /\\ / ___'_ __ _ _(_)_ __  __ _ \ \ \ \
( ( )\___ | '_ | '_| | '_ \/ _` | \ \ \ \
 \\/  ___)| |_)| | | | | || (_| |  ) ) ) )
  '  |____| .__|_| |_|_| |_\__, | / / / /
 =========|_|==============|___/=/_/_/_/
 :: Spring Boot ::                (v3.2.4)

2024-04-16T23:01:40.452+09:00  INFO 21535 --- [Just10Minute] [    Test worker] c.j.J.member.MemberMapperTest            : Starting MemberMapperTest using Java 17.0.5 with PID 21535 (started by jamiehong in /Users/jamiehong/workspace/tdd)
2024-04-16T23:01:40.453+09:00  INFO 21535 --- [Just10Minute] [    Test worker] c.j.J.member.MemberMapperTest            : No active profile set, falling back to 1 default profile: "default"
2024-04-16T23:01:40.741+09:00  INFO 21535 --- [Just10Minute] [    Test worker] beddedDataSourceBeanFactoryPostProcessor : Replacing 'dataSource' DataSource bean with embedded version
2024-04-16T23:01:40.923+09:00  INFO 21535 --- [Just10Minute] [    Test worker] o.s.j.d.e.EmbeddedDatabaseFactory        : Starting embedded database: url='jdbc:h2:mem:ccb5d5a7-5f05-43af-845d-e1c3a28f93bb;DB_CLOSE_DELAY=-1;DB_CLOSE_ON_EXIT=false', username='sa'
2024-04-16T23:01:41.182+09:00  INFO 21535 --- [Just10Minute] [    Test worker] c.j.J.member.MemberMapperTest            : Started MemberMapperTest in 0.976 seconds (process running for 2.046)
]]></system-out>
  <system-err><![CDATA[]]></system-err>
</testsuite>
